<?xml version="1.0" encoding="UTF-8"?>
<testng-results skipped="0" failed="1" ignored="0" total="1" passed="0">
  <reporter-output>
  </reporter-output>
  <suite name="Default suite" duration-ms="44602" started-at="2021-10-12T13:27:06 IST" finished-at="2021-10-12T13:27:51 IST">
    <groups>
      <group name="regression">
        <method signature="TC_41to45_organisation.searchOrg()[pri:1, instance:Project.TC_41to45_organisation@2f0a87b3]" name="searchOrg" class="Project.TC_41to45_organisation"/>
      </group> <!-- regression -->
      <group name="smokeTest">
        <method signature="TC_41to45_organisation.searchOrg()[pri:1, instance:Project.TC_41to45_organisation@2f0a87b3]" name="searchOrg" class="Project.TC_41to45_organisation"/>
      </group> <!-- smokeTest -->
    </groups>
    <test name="Default test" duration-ms="44602" started-at="2021-10-12T13:27:06 IST" finished-at="2021-10-12T13:27:51 IST">
      <class name="Project.TC_41to45_organisation">
        <test-method status="PASS" signature="connectDB()[pri:0, instance:Project.TC_41to45_organisation@2f0a87b3]" name="connectDB" is-config="true" duration-ms="16" started-at="2021-10-12T13:27:06 IST" finished-at="2021-10-12T13:27:06 IST">
          <reporter-output>
          </reporter-output>
        </test-method> <!-- connectDB -->
        <test-method status="PASS" signature="launchBrowser(java.lang.String)[pri:0, instance:Project.TC_41to45_organisation@2f0a87b3]" name="launchBrowser" is-config="true" duration-ms="9820" started-at="2021-10-12T13:27:06 IST" finished-at="2021-10-12T13:27:16 IST">
          <params>
            <param index="0">
              <value>
                <![CDATA[chrome]]>
              </value>
            </param>
          </params>
          <reporter-output>
          </reporter-output>
        </test-method> <!-- launchBrowser -->
        <test-method status="PASS" signature="logintoApp()[pri:0, instance:Project.TC_41to45_organisation@2f0a87b3]" name="logintoApp" is-config="true" duration-ms="10013" started-at="2021-10-12T13:27:16 IST" finished-at="2021-10-12T13:27:26 IST">
          <reporter-output>
          </reporter-output>
        </test-method> <!-- logintoApp -->
        <test-method status="FAIL" signature="searchOrg()[pri:1, instance:Project.TC_41to45_organisation@2f0a87b3]" name="searchOrg" duration-ms="17901" started-at="2021-10-12T13:27:26 IST" finished-at="2021-10-12T13:27:44 IST">
          <exception class="java.lang.AssertionError">
            <message>
              <![CDATA[null]]>
            </message>
            <full-stacktrace>
              <![CDATA[java.lang.AssertionError: null
at org.testng.Assert.fail(Assert.java:99)
at org.testng.Assert.fail(Assert.java:106)
at Project.TC_41to45_organisation.searchOrg(TC_41to45_organisation.java:36)
at sun.reflect.NativeMethodAccessorImpl.invoke0(Native Method)
at sun.reflect.NativeMethodAccessorImpl.invoke(Unknown Source)
at sun.reflect.DelegatingMethodAccessorImpl.invoke(Unknown Source)
at java.lang.reflect.Method.invoke(Unknown Source)
at org.testng.internal.MethodInvocationHelper.invokeMethod(MethodInvocationHelper.java:133)
at org.testng.internal.TestInvoker.invokeMethod(TestInvoker.java:598)
at org.testng.internal.TestInvoker.invokeTestMethod(TestInvoker.java:173)
at org.testng.internal.MethodRunner.runInSequence(MethodRunner.java:46)
at org.testng.internal.TestInvoker$MethodInvocationAgent.invoke(TestInvoker.java:824)
at org.testng.internal.TestInvoker.invokeTestMethods(TestInvoker.java:146)
at org.testng.internal.TestMethodWorker.invokeTestMethods(TestMethodWorker.java:146)
at org.testng.internal.TestMethodWorker.run(TestMethodWorker.java:128)
at java.util.ArrayList.forEach(Unknown Source)
at org.testng.TestRunner.privateRun(TestRunner.java:794)
at org.testng.TestRunner.run(TestRunner.java:596)
at org.testng.SuiteRunner.runTest(SuiteRunner.java:377)
at org.testng.SuiteRunner.runSequentially(SuiteRunner.java:371)
at org.testng.SuiteRunner.privateRun(SuiteRunner.java:332)
at org.testng.SuiteRunner.run(SuiteRunner.java:276)
at org.testng.SuiteRunnerWorker.runSuite(SuiteRunnerWorker.java:53)
at org.testng.SuiteRunnerWorker.run(SuiteRunnerWorker.java:96)
at org.testng.TestNG.runSuitesSequentially(TestNG.java:1212)
at org.testng.TestNG.runSuitesLocally(TestNG.java:1134)
at org.testng.TestNG.runSuites(TestNG.java:1063)
at org.testng.TestNG.run(TestNG.java:1031)
at org.testng.remote.AbstractRemoteTestNG.run(AbstractRemoteTestNG.java:115)
at org.testng.remote.RemoteTestNG.initAndRun(RemoteTestNG.java:251)
at org.testng.remote.RemoteTestNG.main(RemoteTestNG.java:77)
]]>
            </full-stacktrace>
          </exception> <!-- java.lang.AssertionError -->
          <reporter-output>
          </reporter-output>
        </test-method> <!-- searchOrg -->
        <test-method status="PASS" signature="logOutofApp()[pri:0, instance:Project.TC_41to45_organisation@2f0a87b3]" name="logOutofApp" is-config="true" duration-ms="6067" started-at="2021-10-12T13:27:44 IST" finished-at="2021-10-12T13:27:50 IST">
          <reporter-output>
          </reporter-output>
        </test-method> <!-- logOutofApp -->
        <test-method status="PASS" signature="closeBrowser()[pri:0, instance:Project.TC_41to45_organisation@2f0a87b3]" name="closeBrowser" is-config="true" duration-ms="558" started-at="2021-10-12T13:27:50 IST" finished-at="2021-10-12T13:27:51 IST">
          <reporter-output>
          </reporter-output>
        </test-method> <!-- closeBrowser -->
        <test-method status="PASS" signature="closeDBConnection()[pri:0, instance:Project.TC_41to45_organisation@2f0a87b3]" name="closeDBConnection" is-config="true" duration-ms="1" started-at="2021-10-12T13:27:51 IST" finished-at="2021-10-12T13:27:51 IST">
          <reporter-output>
          </reporter-output>
        </test-method> <!-- closeDBConnection -->
      </class> <!-- Project.TC_41to45_organisation -->
    </test> <!-- Default test -->
  </suite> <!-- Default suite -->
</testng-results>
